<?xml version="1.0" encoding="UTF-8"?>
<testng-results ignored="0" total="1" passed="1" failed="0" skipped="0">
  <reporter-output>
  </reporter-output>
  <suite started-at="2023-05-05T16:17:30 IST" name="Surefire suite" finished-at="2023-05-05T16:17:59 IST" duration-ms="28824">
    <groups>
      <group name="cucumber">
        <method signature="AbstractTestNGCucumberTests.runScenario(io.cucumber.testng.PickleWrapper,io.cucumber.testng.FeatureWrapper)[pri:0, instance:TestRunner@1dac5ef]" name="runScenario" class="io.cucumber.testng.AbstractTestNGCucumberTests"/>
      </group> <!-- cucumber -->
    </groups>
    <test started-at="2023-05-05T16:17:30 IST" name="Surefire test" finished-at="2023-05-05T16:17:59 IST" duration-ms="28824">
      <class name="TestRunner">
        <test-method is-config="true" signature="setUpClass(org.testng.ITestContext)[pri:0, instance:TestRunner@1dac5ef]" started-at="2023-05-05T16:17:30 IST" name="setUpClass" finished-at="2023-05-05T16:17:31 IST" duration-ms="574" status="PASS">
          <params>
            <param index="0">
              <value>
                <![CDATA[org.testng.TestRunner@7fbf26fc]]>
              </value>
            </param>
          </params>
          <reporter-output>
          </reporter-output>
        </test-method> <!-- setUpClass -->
        <test-method signature="runScenario(io.cucumber.testng.PickleWrapper,io.cucumber.testng.FeatureWrapper)[pri:0, instance:TestRunner@1dac5ef]" started-at="2023-05-05T16:17:31 IST" name="runScenario" description="Runs Cucumber Scenarios" data-provider="scenarios" finished-at="2023-05-05T16:17:58 IST" duration-ms="27501" status="PASS">
          <params>
            <param index="0">
              <value>
                <![CDATA["Verify the feature of Default Layout Animation"]]>
              </value>
            </param>
            <param index="1">
              <value>
                <![CDATA["Verify the features of Animation"]]>
              </value>
            </param>
          </params>
          <reporter-output>
          </reporter-output>
        </test-method> <!-- runScenario -->
        <test-method is-config="true" signature="tearDownClass()[pri:0, instance:TestRunner@1dac5ef]" started-at="2023-05-05T16:17:58 IST" name="tearDownClass" finished-at="2023-05-05T16:17:59 IST" duration-ms="711" status="PASS">
          <reporter-output>
          </reporter-output>
        </test-method> <!-- tearDownClass -->
      </class> <!-- TestRunner -->
    </test> <!-- Surefire test -->
  </suite> <!-- Surefire suite -->
</testng-results>
